  sample.cpp
C:\Users\spide\Downloads\CS450 - Final Project - Steven Bertolucci\Sample2022\sample.cpp(566,15): warning C4244: 'initializing': conversion from 'double' to 'float', possible loss of data
C:\Users\spide\Downloads\CS450 - Final Project - Steven Bertolucci\Sample2022\sample.cpp(568,15): warning C4244: 'initializing': conversion from 'double' to 'float', possible loss of data
C:\Users\spide\Downloads\CS450 - Final Project - Steven Bertolucci\Sample2022\sample.cpp(580,16): warning C4244: 'initializing': conversion from 'double' to 'float', possible loss of data
C:\Users\spide\Downloads\CS450 - Final Project - Steven Bertolucci\Sample2022\sample.cpp(1843,22): warning C4244: 'argument': conversion from 'double' to 'int', possible loss of data
C:\Users\spide\Downloads\CS450 - Final Project - Steven Bertolucci\Sample2022\sample.cpp(1843,16): warning C4244: 'argument': conversion from 'double' to 'int', possible loss of data
C:\Users\spide\Downloads\CS450 - Final Project - Steven Bertolucci\Sample2022\sample.cpp(1882,45): warning C4244: 'argument': conversion from 'double' to 'GLfloat', possible loss of data
C:\Users\spide\Downloads\CS450 - Final Project - Steven Bertolucci\Sample2022\sample.cpp(1882,18): warning C4244: 'argument': conversion from 'double' to 'GLfloat', possible loss of data
C:\Users\spide\Downloads\CS450 - Final Project - Steven Bertolucci\Sample2022\sample.cpp(1885,45): warning C4244: 'argument': conversion from 'double' to 'GLfloat', possible loss of data
C:\Users\spide\Downloads\CS450 - Final Project - Steven Bertolucci\Sample2022\sample.cpp(1885,18): warning C4244: 'argument': conversion from 'double' to 'GLfloat', possible loss of data
C:\Users\spide\Downloads\CS450 - Final Project - Steven Bertolucci\Sample2022\sample.cpp(1904,12): warning C4244: 'initializing': conversion from 'double' to 'float', possible loss of data
C:\Users\spide\Downloads\CS450 - Final Project - Steven Bertolucci\Sample2022\sample.cpp(1905,12): warning C4244: 'initializing': conversion from 'double' to 'float', possible loss of data
C:\Users\spide\Downloads\CS450 - Final Project - Steven Bertolucci\Sample2022\sample.cpp(1925,12): warning C4244: 'initializing': conversion from 'double' to 'float', possible loss of data
C:\Users\spide\Downloads\CS450 - Final Project - Steven Bertolucci\Sample2022\sample.cpp(1926,12): warning C4244: 'initializing': conversion from 'double' to 'float', possible loss of data
C:\Users\spide\Downloads\CS450 - Final Project - Steven Bertolucci\Sample2022\sample.cpp(1946,12): warning C4244: 'initializing': conversion from 'double' to 'float', possible loss of data
C:\Users\spide\Downloads\CS450 - Final Project - Steven Bertolucci\Sample2022\sample.cpp(1947,12): warning C4244: 'initializing': conversion from 'double' to 'float', possible loss of data
C:\Users\spide\Downloads\CS450 - Final Project - Steven Bertolucci\Sample2022\sample.cpp(1948,11): warning C4244: 'initializing': conversion from 'double' to 'float', possible loss of data
C:\Users\spide\Downloads\CS450 - Final Project - Steven Bertolucci\Sample2022\sample.cpp(1968,12): warning C4244: 'initializing': conversion from 'double' to 'float', possible loss of data
C:\Users\spide\Downloads\CS450 - Final Project - Steven Bertolucci\Sample2022\sample.cpp(1969,12): warning C4244: 'initializing': conversion from 'double' to 'float', possible loss of data
sample.obj : warning LNK4075: ignoring '/EDITANDCONTINUE' due to '/INCREMENTAL:NO' specification
  Sample.vcxproj -> C:\Users\spide\Downloads\CS450 - Final Project - Steven Bertolucci\Sample2022\Debug\Sample.exe
